phone	phone
Обработано записей: 0
battery	battery
Обработано записей: 0
case	case
Обработано записей: 0
tab	tab
Обработано записей: 0

2020-12-01 16:50:56.894 загрузка в БД...
phone	100.0
battery	20.0
case	3.0
tab	100.0
Обработано записей: 4
phone	phone
Обработано записей: 0
battery	battery
Обработано записей: 0
case	case
Обработано записей: 0
tab	tab
Обработано записей: 0

2020-12-01 16:51:12.345 загрузка в БД...
phone	100.0
battery	20.0
case	3.0
tab	100.0
Обработано записей: 4
phone	phone
Обработано записей: 0
battery	battery
Обработано записей: 0
case	case
Обработано записей: 0
tab	tab
Обработано записей: 0

2020-12-01 16:52:31.348 загрузка в БД...
phone	101.0
battery	20.0
case	3.5
tab	101.0
Обработано записей: 4
